<?xml version="1.0" encoding="UTF-8"?>
<!-- Generated by org.testng.reporters.JUnitReportReporter -->
<testsuite hostname="MBP-Alehandro" failures="0" tests="1" name="DepartmentTests.EmployeeDepartTest" time="43.592" errors="0" timestamp="2022-12-15T10:17:54 MSK" skipped="0">
  <testcase classname="DepartmentTests.EmployeeDepartTest" name="EmployeeDepartmentTest" time="43.592"/>
  <system-out/>
</testsuite> <!-- DepartmentTests.EmployeeDepartTest -->
