<?xml version="1.0" encoding="UTF-8"?>
<!-- Generated by org.testng.reporters.JUnitReportReporter -->
<testsuite hostname="MBP-Alehandro" failures="0" tests="1" name="DepartmentTests.EmployeeDepartTest" time="25.580" errors="0" timestamp="2022-12-15T16:44:44 MSK" skipped="0">
  <testcase classname="DepartmentTests.EmployeeDepartTest" name="EmployeeDepartmentTest" time="25.580"/>
  <system-out/>
</testsuite> <!-- DepartmentTests.EmployeeDepartTest -->
