<?xml version="1.0" encoding="UTF-8"?>
<!-- Generated by org.testng.reporters.JUnitReportReporter -->
<testsuite hostname="MacBook-Pro-Alehandro.local" failures="0" tests="1" name="DepartmentTests.CreateDeleteDepartTest" time="13.073" errors="0" timestamp="2022-12-12T20:48:22 MSK" skipped="0">
  <testcase classname="DepartmentTests.CreateDeleteDepartTest" name="CreateDeleteDepartTest" time="13.073"/>
  <system-out/>
</testsuite> <!-- DepartmentTests.CreateDeleteDepartTest -->
