<?xml version="1.0" encoding="UTF-8"?>
<!-- Generated by org.testng.reporters.JUnitReportReporter -->
<testsuite hostname="MBP-Alehandro" failures="0" tests="1" name="DepartmentTests.EmployeeDepartTest" time="21.116" errors="0" timestamp="2023-01-19T13:55:11 MSK" skipped="0">
  <testcase classname="DepartmentTests.EmployeeDepartTest" name="EmployeeDepartmentTest" time="21.116"/>
  <system-out/>
</testsuite> <!-- DepartmentTests.EmployeeDepartTest -->
