<?xml version="1.0" encoding="UTF-8"?>
<!-- Generated by org.testng.reporters.JUnitReportReporter -->
<testsuite hostname="MBP-Alehandro" failures="0" tests="1" name="DepartmentTests.CreateDeleteDepartTest" time="23.313" errors="0" timestamp="2022-12-13T14:10:52 MSK" skipped="0">
  <testcase classname="DepartmentTests.CreateDeleteDepartTest" name="CreateDeleteDepartmentTest" time="23.313"/>
  <system-out/>
</testsuite> <!-- DepartmentTests.CreateDeleteDepartTest -->
