<?xml version="1.0" encoding="UTF-8"?>
<!-- Generated by org.testng.reporters.JUnitReportReporter -->
<testsuite hostname="MacBook-Pro-Alehandro.local" failures="0" tests="1" name="DepartmentTests.ChildDepartCreateDeleteTest" time="26.299" errors="0" timestamp="2022-12-14T00:53:44 MSK" skipped="0">
  <testcase classname="DepartmentTests.ChildDepartCreateDeleteTest" name="CreateDeleteDepartmentTest" time="26.299"/>
  <system-out/>
</testsuite> <!-- DepartmentTests.ChildDepartCreateDeleteTest -->
