<?xml version="1.0" encoding="UTF-8"?>
<!-- Generated by org.testng.reporters.JUnitReportReporter -->
<testsuite hostname="MBP-Alehandro" failures="0" tests="1" name="DepartmentTests.EmployeeDepartTest" time="38.670" errors="0" timestamp="2023-01-25T14:43:49 MSK" skipped="0">
  <testcase classname="DepartmentTests.EmployeeDepartTest" name="EmployeeDepartmentTest" time="38.670"/>
  <system-out/>
</testsuite> <!-- DepartmentTests.EmployeeDepartTest -->
