<?xml version="1.0" encoding="UTF-8"?>
<!-- Generated by org.testng.reporters.JUnitReportReporter -->
<testsuite hostname="MacBook-Pro-Alehandro.local" failures="0" tests="1" name="DepartmentTests.MainTest" time="20.572" errors="0" timestamp="2022-12-12T20:48:22 MSK" skipped="0">
  <testcase classname="DepartmentTests.MainTest" name="testPodruge" time="20.572"/>
  <system-out/>
</testsuite> <!-- DepartmentTests.MainTest -->
