<?xml version="1.0" encoding="UTF-8"?>
<!-- Generated by org.testng.reporters.JUnitReportReporter -->
<testsuite hostname="MacBook-Pro-Alehandro.local" failures="0" tests="1" name="DepartmentTests.MainTest" time="17.631" errors="0" timestamp="2022-12-14T00:53:44 MSK" skipped="0">
  <testcase classname="DepartmentTests.MainTest" name="testPodruge" time="17.631"/>
  <system-out/>
</testsuite> <!-- DepartmentTests.MainTest -->
