<?xml version="1.0" encoding="UTF-8"?>
<!-- Generated by org.testng.reporters.JUnitReportReporter -->
<testsuite hostname="MBP-Alehandro" failures="0" tests="1" name="DepartmentTests.MainTest" time="21.887" errors="0" timestamp="2022-12-13T14:10:52 MSK" skipped="0">
  <testcase classname="DepartmentTests.MainTest" name="testPodruge" time="21.887"/>
  <system-out/>
</testsuite> <!-- DepartmentTests.MainTest -->
