<?xml version="1.0" encoding="UTF-8"?>
<!-- Generated by org.testng.reporters.JUnitReportReporter -->
<testsuite hostname="MBP-Alehandro" failures="0" tests="1" name="DepartmentTests.CreateDeleteDepartTest" time="25.150" errors="0" timestamp="2023-01-25T14:43:49 MSK" skipped="0">
  <testcase classname="DepartmentTests.CreateDeleteDepartTest" name="CreateDeleteDepartmentTest" time="25.150"/>
  <system-out/>
</testsuite> <!-- DepartmentTests.CreateDeleteDepartTest -->
