<?xml version="1.0" encoding="UTF-8"?>
<!-- Generated by org.testng.reporters.JUnitReportReporter -->
<testsuite hostname="MBP-Alehandro" failures="0" tests="1" name="DepartmentTests.CourseDepartTest" time="22.402" errors="0" timestamp="2022-12-15T16:44:44 MSK" skipped="0">
  <testcase classname="DepartmentTests.CourseDepartTest" name="CourseDepartmentTest" time="22.402"/>
  <system-out/>
</testsuite> <!-- DepartmentTests.CourseDepartTest -->
