<?xml version="1.0" encoding="UTF-8"?>
<!-- Generated by org.testng.reporters.JUnitReportReporter -->
<testsuite hostname="MBP-Alehandro" failures="0" tests="1" name="MainTest" time="22.098" errors="0" timestamp="2022-12-12T09:56:18 MSK" skipped="0">
  <testcase classname="MainTest" name="testPodruge" time="22.098"/>
  <system-out/>
</testsuite> <!-- MainTest -->
