<?xml version="1.0" encoding="UTF-8"?>
<!-- Generated by org.testng.reporters.JUnitReportReporter -->
<testsuite hostname="MBP-Alehandro" failures="0" tests="1" name="DepartmentTests.MainTest" time="16.961" errors="0" timestamp="2022-12-13T16:47:14 MSK" skipped="0">
  <testcase classname="DepartmentTests.MainTest" name="testPodruge" time="16.961"/>
  <system-out/>
</testsuite> <!-- DepartmentTests.MainTest -->
