<?xml version="1.0" encoding="UTF-8"?>
<!-- Generated by org.testng.reporters.JUnitReportReporter -->
<testsuite hostname="MBP-Alehandro" failures="0" tests="1" name="DepartmentTests.ChildDepartCreateDeleteTest" time="16.800" errors="0" timestamp="2023-01-19T13:55:11 MSK" skipped="0">
  <testcase classname="DepartmentTests.ChildDepartCreateDeleteTest" name="CreateDeleteDepartmentTest" time="16.800"/>
  <system-out/>
</testsuite> <!-- DepartmentTests.ChildDepartCreateDeleteTest -->
