<?xml version="1.0" encoding="UTF-8"?>
<!-- Generated by org.testng.reporters.JUnitReportReporter -->
<testsuite hostname="MBP-Alehandro" failures="0" tests="1" name="DepartmentTests.CourseDepartTest" time="23.057" errors="0" timestamp="2022-12-15T15:39:54 MSK" skipped="0">
  <testcase classname="DepartmentTests.CourseDepartTest" name="CourseDepartmentTest" time="23.057"/>
  <system-out/>
</testsuite> <!-- DepartmentTests.CourseDepartTest -->
