<?xml version="1.0" encoding="UTF-8"?>
<!-- Generated by org.testng.reporters.JUnitReportReporter -->
<testsuite hostname="MBP-Alehandro" failures="0" tests="1" name="DepartmentTests.ChildDepartCreateDeleteTest" time="21.844" errors="0" timestamp="2022-12-15T15:39:54 MSK" skipped="0">
  <testcase classname="DepartmentTests.ChildDepartCreateDeleteTest" name="CreateDeleteDepartmentTest" time="21.844"/>
  <system-out/>
</testsuite> <!-- DepartmentTests.ChildDepartCreateDeleteTest -->
