<?xml version="1.0" encoding="UTF-8"?>
<!-- Generated by org.testng.reporters.JUnitReportReporter -->
<testsuite hostname="MacBook-Pro-Alehandro.local" failures="0" tests="1" name="TestMain" time="17.688" errors="0" timestamp="2022-12-12T00:48:51 MSK" skipped="0">
  <testcase classname="TestMain" name="testPodruge" time="17.688"/>
  <system-out/>
</testsuite> <!-- TestMain -->
